<?xml version="1.0" encoding="UTF-8"?>
<!-- Generated by org.testng.reporters.JUnitXMLReporter -->
<testsuite hostname="R2D2" name="TestTwo" tests="3" failures="0" timestamp="15 Apr 2018 10:48:13 GMT" time="49.765" errors="0">
  <testcase name="test2Four" time="10.714" classname="org.practise.sprint5_2.MavenTest2"/>
  <testcase name="test2Three" time="21.864" classname="org.practise.sprint5_2.MavenTest2"/>
  <testcase name="test2Two" time="17.161" classname="org.practise.sprint5_2.MavenTest2"/>
</testsuite> <!-- TestTwo -->
